Started POST "/users/6?Filou=" for ::1 at 2021-03-23 17:28:31 -0400

PG::ConnectionBad - could not connect to server: Connection refused
	Is the server running on host "localhost" (::1) and accepting
	TCP/IP connections on port 5432?
could not connect to server: Connection refused
	Is the server running on host "localhost" (127.0.0.1) and accepting
	TCP/IP connections on port 5432?:

  [1m[35m (0.8ms)[0m  [1m[35mDROP DATABASE IF EXISTS "intro_rails_video_demo_development"[0m
  [1m[35m (0.1ms)[0m  [1m[35mDROP DATABASE IF EXISTS "intro_rails_video_demo_test"[0m
  [1m[35m (454.3ms)[0m  [1m[35mCREATE DATABASE "intro_rails_video_demo_development" ENCODING = 'unicode'[0m
  [1m[35m (115.8ms)[0m  [1m[35mCREATE DATABASE "intro_rails_video_demo_test" ENCODING = 'unicode'[0m
  [1m[35m (16.1ms)[0m  [1m[35mCREATE TABLE "schema_migrations" ("version" character varying NOT NULL PRIMARY KEY)[0m
  [1m[35m (5.0ms)[0m  [1m[35mCREATE TABLE "ar_internal_metadata" ("key" character varying NOT NULL PRIMARY KEY, "value" character varying, "created_at" timestamp NOT NULL, "updated_at" timestamp NOT NULL)[0m
  [1m[35m (0.7ms)[0m  [1m[34mSELECT pg_try_advisory_lock(2130699734775133620)[0m
  [1m[35m (0.7ms)[0m  [1m[34mSELECT "schema_migrations"."version" FROM "schema_migrations" ORDER BY "schema_migrations"."version" ASC[0m
Migrating to CreateCats (20140708050004)
  [1m[35m (0.4ms)[0m  [1m[34mSELECT pg_advisory_unlock(2130699734775133620)[0m
  [1m[35m (0.4ms)[0m  [1m[35mDROP DATABASE IF EXISTS "intro_rails_video_demo"[0m
  [1m[35m (209.6ms)[0m  [1m[35mCREATE DATABASE "intro_rails_video_demo" ENCODING = 'utf8'[0m
  [1m[35m (8.2ms)[0m  [1m[35mCREATE TABLE "schema_migrations" ("version" character varying NOT NULL PRIMARY KEY)[0m
  [1m[35m (7.1ms)[0m  [1m[35mCREATE TABLE "ar_internal_metadata" ("key" character varying NOT NULL PRIMARY KEY, "value" character varying, "created_at" timestamp NOT NULL, "updated_at" timestamp NOT NULL)[0m
  [1m[35m (0.3ms)[0m  [1m[34mSELECT pg_try_advisory_lock(4239283654174988790)[0m
  [1m[35m (0.7ms)[0m  [1m[34mSELECT "schema_migrations"."version" FROM "schema_migrations" ORDER BY "schema_migrations"."version" ASC[0m
Migrating to CreateCats (20140708050004)
  [1m[35m (0.5ms)[0m  [1m[34mSELECT pg_advisory_unlock(4239283654174988790)[0m
  [1m[36mCat Load (6.6ms)[0m  [1m[34mSELECT "cats".* FROM "cats"[0m
  [1m[35m (0.7ms)[0m  [1m[34mSELECT pg_try_advisory_lock(4239283654174988790)[0m
  [1m[35m (1.3ms)[0m  [1m[34mSELECT "schema_migrations"."version" FROM "schema_migrations" ORDER BY "schema_migrations"."version" ASC[0m
Migrating to CreateCats (20140708050004)
  [1m[35m (0.4ms)[0m  [1m[34mSELECT pg_advisory_unlock(4239283654174988790)[0m
